0 info it worked if it ends with ok
1 verbose cli [ 'E:\\java\\Node\\node.exe',
1 verbose cli   'E:\\java\\Node\\node_modules\\npm\\bin\\npm-cli.js',
1 verbose cli   'start' ]
2 info using npm@3.10.10
3 info using node@v6.11.0
4 verbose run-script [ 'prestart', 'start', 'poststart' ]
5 info lifecycle kaijun@0.0.1~prestart: kaijun@0.0.1
6 silly lifecycle kaijun@0.0.1~prestart: no script for prestart, continuing
7 info lifecycle kaijun@0.0.1~start: kaijun@0.0.1
8 verbose lifecycle kaijun@0.0.1~start: unsafe-perm in lifecycle true
9 verbose lifecycle kaijun@0.0.1~start: PATH: E:\java\Node\node_modules\npm\bin\node-gyp-bin;E:\workspace_eclipse_indigo\workspace_for_wafer\interfacetestdemo\web\node_modules\.bin;C:\ProgramData\Oracle\Java\javapath;C:\WINDOWS\system32;C:\WINDOWS;C:\WINDOWS\System32\Wbem;C:\WINDOWS\System32\WindowsPowerShell\v1.0\;E:\Program Files\TortoiseSVN\bin;E:\java\apache-maven-3.3.9-bin\apache-maven-3.3.9\bin;C:\Program Files\Java\jdk1.7.0_51\bin;C:\Program Files\Java\jdk1.7.0_51\jre\bin;C:\Program Files\MySQL\MySQL Server 5.5\bin;E:\Program Files\SlikSubversion\bin;E:\java\Ruby\Ruby22\bin;E:\MyTest\Python;E:\java\Node;E:\java\Git\Git\cmd;E:\java\Ruby\Ruby22\bin;C:\Users\wf\AppData\Local\Microsoft\WindowsApps;C:\Users\wf\AppData\Roaming\npm
10 verbose lifecycle kaijun@0.0.1~start: CWD: E:\workspace_eclipse_indigo\workspace_for_wafer\interfacetestdemo\web
11 silly lifecycle kaijun@0.0.1~start: Args: [ '/d /s /c', 'roadhog server' ]
12 verbose stack Error: kill ENOSYS
12 verbose stack     at exports._errnoException (util.js:1018:11)
12 verbose stack     at process.kill (internal/process.js:190:13)
12 verbose stack     at process.listener (E:\java\Node\node_modules\npm\node_modules\npmlog\node_modules\gauge\node_modules\signal-exit\index.js:86:15)
12 verbose stack     at emitNone (events.js:91:20)
12 verbose stack     at process.emit (events.js:185:7)
12 verbose stack     at processEmit (E:\java\Node\node_modules\npm\node_modules\npmlog\node_modules\gauge\node_modules\signal-exit\index.js:146:32)
12 verbose stack     at processEmit (E:\java\Node\node_modules\npm\node_modules\npm-registry-client\node_modules\npmlog\node_modules\gauge\node_modules\signal-exit\index.js:146:32)
12 verbose stack     at Signal.wrap.onsignal (internal/process.js:217:44)
13 verbose cwd E:\workspace_eclipse_indigo\workspace_for_wafer\interfacetestdemo\web
14 error Windows_NT 10.0.15063
15 error argv "E:\\java\\Node\\node.exe" "E:\\java\\Node\\node_modules\\npm\\bin\\npm-cli.js" "start"
16 error node v6.11.0
17 error npm  v3.10.10
18 error code ENOSYS
19 error errno ENOSYS
20 error syscall kill
21 error kill ENOSYS
22 error If you need help, you may report this error at:
22 error     <https://github.com/npm/npm/issues>
23 verbose exit [ 1, true ]
